Flow report for final_proj
Tue May 16 21:23:58 2023
Quartus Prime Version 21.1.0 Build 842 10/21/2021 SJ Lite Edition


---------------------
; Table of Contents ;
---------------------
  1. Legal Notice
  2. Flow Summary
  3. Flow Settings
  4. Flow Non-Default Global Settings
  5. Flow Elapsed Time
  6. Flow OS Summary
  7. Flow Log
  8. Flow Messages
  9. Flow Suppressed Messages



----------------
; Legal Notice ;
----------------
Copyright (C) 2021  Intel Corporation. All rights reserved.
Your use of Intel Corporation's design tools, logic functions 
and other software and tools, and any partner logic 
functions, and any output files from any of the foregoing 
(including device programming or simulation files), and any 
associated documentation or information are expressly subject 
to the terms and conditions of the Intel Program License 
Subscription Agreement, the Intel Quartus Prime License Agreement,
the Intel FPGA IP License Agreement, or other applicable license
agreement, including, without limitation, that your use is for
the sole purpose of programming logic devices manufactured by
Intel and sold by Intel or its authorized distributors.  Please
refer to the applicable agreement for further details, at
https://fpgasoftware.intel.com/eula.



+----------------------------------------------------------------------------------+
; Flow Summary                                                                     ;
+------------------------------------+---------------------------------------------+
; Flow Status                        ; Successful - Tue May 16 21:23:58 2023       ;
; Quartus Prime Version              ; 21.1.0 Build 842 10/21/2021 SJ Lite Edition ;
; Revision Name                      ; final_proj                                  ;
; Top-level Entity Name              ; tb                                          ;
; Family                             ; Cyclone IV E                                ;
; Device                             ; EP4CE115F29C7                               ;
; Timing Models                      ; Final                                       ;
; Total logic elements               ; 263                                         ;
;     Total combinational functions  ; 242                                         ;
;     Dedicated logic registers      ; 148                                         ;
; Total registers                    ; 148                                         ;
; Total pins                         ; 0                                           ;
; Total virtual pins                 ; 0                                           ;
; Total memory bits                  ; 0                                           ;
; Embedded Multiplier 9-bit elements ; 0                                           ;
; Total PLLs                         ; 0                                           ;
+------------------------------------+---------------------------------------------+


+-----------------------------------------+
; Flow Settings                           ;
+-------------------+---------------------+
; Option            ; Setting             ;
+-------------------+---------------------+
; Start date & time ; 05/16/2023 21:23:15 ;
; Main task         ; Compilation         ;
; Revision Name     ; final_proj          ;
+-------------------+---------------------+


+-------------------------------------------------------------------------------------------------------------------------------------------------------------------------------------------------+
; Flow Non-Default Global Settings                                                                                                                                                                ;
+--------------------------------------+-----------------------------------------------------------------------------------+---------------+------------------+-----------------------------------+
; Assignment Name                      ; Value                                                                             ; Default Value ; Entity Name      ; Section Id                        ;
+--------------------------------------+-----------------------------------------------------------------------------------+---------------+------------------+-----------------------------------+
; COMPILER_SIGNATURE_ID                ; 1095340202696.168425419415084                                                     ; --            ; --               ; --                                ;
; EDA_DESIGN_INSTANCE_NAME             ; NA                                                                                ; --            ; --               ; tb                                ;
; EDA_GENERATE_FUNCTIONAL_NETLIST      ; Off                                                                               ; --            ; --               ; eda_board_design_timing           ;
; EDA_GENERATE_FUNCTIONAL_NETLIST      ; Off                                                                               ; --            ; --               ; eda_board_design_boundary_scan    ;
; EDA_GENERATE_FUNCTIONAL_NETLIST      ; Off                                                                               ; --            ; --               ; eda_board_design_signal_integrity ;
; EDA_GENERATE_FUNCTIONAL_NETLIST      ; Off                                                                               ; --            ; --               ; eda_board_design_symbol           ;
; EDA_NATIVELINK_SIMULATION_TEST_BENCH ; tb                                                                                ; --            ; --               ; eda_simulation                    ;
; EDA_OUTPUT_DATA_FORMAT               ; Verilog Hdl                                                                       ; --            ; --               ; eda_simulation                    ;
; EDA_SIMULATION_TOOL                  ; Questa Intel FPGA (Verilog)                                                       ; <None>        ; --               ; --                                ;
; EDA_TEST_BENCH_ENABLE_STATUS         ; TEST_BENCH_MODE                                                                   ; --            ; --               ; eda_simulation                    ;
; EDA_TEST_BENCH_FILE                  ; tb.v                                                                              ; --            ; --               ; tb                                ;
; EDA_TEST_BENCH_MODULE_NAME           ; tb                                                                                ; --            ; --               ; tb                                ;
; EDA_TEST_BENCH_NAME                  ; tb                                                                                ; --            ; --               ; eda_simulation                    ;
; EDA_TIME_SCALE                       ; 1 ps                                                                              ; --            ; --               ; eda_simulation                    ;
; MAX_CORE_JUNCTION_TEMP               ; 85                                                                                ; --            ; --               ; --                                ;
; MESSAGE_DISABLE                      ; 270007                                                                            ; --            ; fft_14_fft_ii_0  ; --                                ;
; MIN_CORE_JUNCTION_TEMP               ; 0                                                                                 ; --            ; --               ; --                                ;
; MISC_FILE                            ; signal_generator/synthesis/../signal_generator.cmp                                ; --            ; --               ; --                                ;
; MISC_FILE                            ; signal_generator/synthesis/../../signal_generator.qsys                            ; --            ; --               ; --                                ;
; MISC_FILE                            ; signal_generator/simulation/../../signal_generator.qsys                           ; --            ; --               ; --                                ;
; MISC_FILE                            ; signal_generator/simulation/signal_generator.v                                    ; --            ; --               ; --                                ;
; MISC_FILE                            ; signal_generator/simulation/submodules/mentor/asj_nco_mob_rw.v                    ; --            ; --               ; --                                ;
; MISC_FILE                            ; signal_generator/simulation/submodules/aldec/asj_nco_mob_rw.v                     ; --            ; --               ; --                                ;
; MISC_FILE                            ; signal_generator/simulation/submodules/mentor/asj_nco_isdr.v                      ; --            ; --               ; --                                ;
; MISC_FILE                            ; signal_generator/simulation/submodules/aldec/asj_nco_isdr.v                       ; --            ; --               ; --                                ;
; MISC_FILE                            ; signal_generator/simulation/submodules/mentor/asj_nco_apr_dxx.v                   ; --            ; --               ; --                                ;
; MISC_FILE                            ; signal_generator/simulation/submodules/aldec/asj_nco_apr_dxx.v                    ; --            ; --               ; --                                ;
; MISC_FILE                            ; signal_generator/simulation/submodules/mentor/asj_dxx_g.v                         ; --            ; --               ; --                                ;
; MISC_FILE                            ; signal_generator/simulation/submodules/aldec/asj_dxx_g.v                          ; --            ; --               ; --                                ;
; MISC_FILE                            ; signal_generator/simulation/submodules/mentor/asj_dxx.v                           ; --            ; --               ; --                                ;
; MISC_FILE                            ; signal_generator/simulation/submodules/aldec/asj_dxx.v                            ; --            ; --               ; --                                ;
; MISC_FILE                            ; signal_generator/simulation/submodules/mentor/asj_gal.v                           ; --            ; --               ; --                                ;
; MISC_FILE                            ; signal_generator/simulation/submodules/aldec/asj_gal.v                            ; --            ; --               ; --                                ;
; MISC_FILE                            ; signal_generator/simulation/submodules/mentor/asj_nco_as_m_cen.v                  ; --            ; --               ; --                                ;
; MISC_FILE                            ; signal_generator/simulation/submodules/aldec/asj_nco_as_m_cen.v                   ; --            ; --               ; --                                ;
; MISC_FILE                            ; signal_generator/simulation/submodules/mentor/asj_altqmcpipe.v                    ; --            ; --               ; --                                ;
; MISC_FILE                            ; signal_generator/simulation/submodules/aldec/asj_altqmcpipe.v                     ; --            ; --               ; --                                ;
; MISC_FILE                            ; signal_generator/simulation/submodules/signal_generator_nco_ii_0_sin.hex          ; --            ; --               ; --                                ;
; MISC_FILE                            ; signal_generator/simulation/submodules/signal_generator_nco_ii_0_cos.hex          ; --            ; --               ; --                                ;
; MISC_FILE                            ; signal_generator/simulation/submodules/signal_generator_nco_ii_0.v                ; --            ; --               ; --                                ;
; MISC_FILE                            ; signal_generator/simulation/submodules/signal_generator_nco_ii_0_tb.vhd           ; --            ; --               ; --                                ;
; MISC_FILE                            ; signal_generator/simulation/submodules/c_model/model_wrapper.cpp                  ; --            ; --               ; --                                ;
; MISC_FILE                            ; signal_generator/simulation/submodules/c_model/nco_model.cpp                      ; --            ; --               ; --                                ;
; MISC_FILE                            ; signal_generator/simulation/submodules/c_model/nco_model.h                        ; --            ; --               ; --                                ;
; MISC_FILE                            ; fft_14/synthesis/../fft_14.cmp                                                    ; --            ; --               ; --                                ;
; MISC_FILE                            ; fft_14/synthesis/../../fft_14.qsys                                                ; --            ; --               ; --                                ;
; MISC_FILE                            ; fft_14/simulation/../../fft_14.qsys                                               ; --            ; --               ; --                                ;
; MISC_FILE                            ; fft_14/simulation/fft_14.v                                                        ; --            ; --               ; --                                ;
; MISC_FILE                            ; fft_14/simulation/submodules/fft_14_fft_ii_0_opt_twi1.hex                         ; --            ; --               ; --                                ;
; MISC_FILE                            ; fft_14/simulation/submodules/fft_14_fft_ii_0_opt_twr4.hex                         ; --            ; --               ; --                                ;
; MISC_FILE                            ; fft_14/simulation/submodules/fft_14_fft_ii_0_opt_twi2.hex                         ; --            ; --               ; --                                ;
; MISC_FILE                            ; fft_14/simulation/submodules/fft_14_fft_ii_0_opt_twr1.hex                         ; --            ; --               ; --                                ;
; MISC_FILE                            ; fft_14/simulation/submodules/fft_14_fft_ii_0_opt_twi3.hex                         ; --            ; --               ; --                                ;
; MISC_FILE                            ; fft_14/simulation/submodules/fft_14_fft_ii_0_opt_twr2.hex                         ; --            ; --               ; --                                ;
; MISC_FILE                            ; fft_14/simulation/submodules/fft_14_fft_ii_0_opt_twr3.hex                         ; --            ; --               ; --                                ;
; MISC_FILE                            ; fft_14/simulation/submodules/fft_14_fft_ii_0_opt_twi4.hex                         ; --            ; --               ; --                                ;
; MISC_FILE                            ; fft_14/simulation/submodules/auk_dspip_text_pkg.vhd                               ; --            ; --               ; --                                ;
; MISC_FILE                            ; fft_14/simulation/submodules/auk_dspip_math_pkg.vhd                               ; --            ; --               ; --                                ;
; MISC_FILE                            ; fft_14/simulation/submodules/auk_dspip_lib_pkg.vhd                                ; --            ; --               ; --                                ;
; MISC_FILE                            ; fft_14/simulation/submodules/mentor/auk_dspip_avalon_streaming_block_sink.vhd     ; --            ; --               ; --                                ;
; MISC_FILE                            ; fft_14/simulation/submodules/aldec/auk_dspip_avalon_streaming_block_sink.vhd      ; --            ; --               ; --                                ;
; MISC_FILE                            ; fft_14/simulation/submodules/mentor/auk_dspip_avalon_streaming_block_source.vhd   ; --            ; --               ; --                                ;
; MISC_FILE                            ; fft_14/simulation/submodules/aldec/auk_dspip_avalon_streaming_block_source.vhd    ; --            ; --               ; --                                ;
; MISC_FILE                            ; fft_14/simulation/submodules/auk_dspip_roundsat.vhd                               ; --            ; --               ; --                                ;
; MISC_FILE                            ; fft_14/simulation/submodules/mentor/apn_fft_mult_can.vhd                          ; --            ; --               ; --                                ;
; MISC_FILE                            ; fft_14/simulation/submodules/aldec/apn_fft_mult_can.vhd                           ; --            ; --               ; --                                ;
; MISC_FILE                            ; fft_14/simulation/submodules/mentor/apn_fft_mult_cpx_1825.v                       ; --            ; --               ; --                                ;
; MISC_FILE                            ; fft_14/simulation/submodules/aldec/apn_fft_mult_cpx_1825.v                        ; --            ; --               ; --                                ;
; MISC_FILE                            ; fft_14/simulation/submodules/mentor/apn_fft_mult_cpx.vhd                          ; --            ; --               ; --                                ;
; MISC_FILE                            ; fft_14/simulation/submodules/aldec/apn_fft_mult_cpx.vhd                           ; --            ; --               ; --                                ;
; MISC_FILE                            ; fft_14/simulation/submodules/auk_dspip_r22sdf_top.ocp                             ; --            ; --               ; --                                ;
; MISC_FILE                            ; fft_14/simulation/submodules/mentor/hyper_opt_OFF_pkg.vhd                         ; --            ; --               ; --                                ;
; MISC_FILE                            ; fft_14/simulation/submodules/aldec/hyper_opt_OFF_pkg.vhd                          ; --            ; --               ; --                                ;
; MISC_FILE                            ; fft_14/simulation/submodules/mentor/altera_fft_dual_port_ram.vhd                  ; --            ; --               ; --                                ;
; MISC_FILE                            ; fft_14/simulation/submodules/aldec/altera_fft_dual_port_ram.vhd                   ; --            ; --               ; --                                ;
; MISC_FILE                            ; fft_14/simulation/submodules/mentor/altera_fft_dual_port_rom.vhd                  ; --            ; --               ; --                                ;
; MISC_FILE                            ; fft_14/simulation/submodules/aldec/altera_fft_dual_port_rom.vhd                   ; --            ; --               ; --                                ;
; MISC_FILE                            ; fft_14/simulation/submodules/mentor/altera_fft_mult_add.vhd                       ; --            ; --               ; --                                ;
; MISC_FILE                            ; fft_14/simulation/submodules/aldec/altera_fft_mult_add.vhd                        ; --            ; --               ; --                                ;
; MISC_FILE                            ; fft_14/simulation/submodules/mentor/altera_fft_single_port_rom.vhd                ; --            ; --               ; --                                ;
; MISC_FILE                            ; fft_14/simulation/submodules/aldec/altera_fft_single_port_rom.vhd                 ; --            ; --               ; --                                ;
; MISC_FILE                            ; fft_14/simulation/submodules/mentor/auk_fft_pkg.vhd                               ; --            ; --               ; --                                ;
; MISC_FILE                            ; fft_14/simulation/submodules/aldec/auk_fft_pkg.vhd                                ; --            ; --               ; --                                ;
; MISC_FILE                            ; fft_14/simulation/submodules/mentor/hyper_pipeline_interface.v                    ; --            ; --               ; --                                ;
; MISC_FILE                            ; fft_14/simulation/submodules/aldec/hyper_pipeline_interface.v                     ; --            ; --               ; --                                ;
; MISC_FILE                            ; fft_14/simulation/submodules/mentor/counter_module.sv                             ; --            ; --               ; --                                ;
; MISC_FILE                            ; fft_14/simulation/submodules/aldec/counter_module.sv                              ; --            ; --               ; --                                ;
; MISC_FILE                            ; fft_14/simulation/submodules/mentor/auk_dspip_r22sdf_lib_pkg.vhd                  ; --            ; --               ; --                                ;
; MISC_FILE                            ; fft_14/simulation/submodules/aldec/auk_dspip_r22sdf_lib_pkg.vhd                   ; --            ; --               ; --                                ;
; MISC_FILE                            ; fft_14/simulation/submodules/mentor/auk_dspip_bit_reverse_addr_control.vhd        ; --            ; --               ; --                                ;
; MISC_FILE                            ; fft_14/simulation/submodules/aldec/auk_dspip_bit_reverse_addr_control.vhd         ; --            ; --               ; --                                ;
; MISC_FILE                            ; fft_14/simulation/submodules/mentor/auk_dspip_bit_reverse_core.vhd                ; --            ; --               ; --                                ;
; MISC_FILE                            ; fft_14/simulation/submodules/aldec/auk_dspip_bit_reverse_core.vhd                 ; --            ; --               ; --                                ;
; MISC_FILE                            ; fft_14/simulation/submodules/mentor/auk_dspip_bit_reverse_reverse_carry_adder.vhd ; --            ; --               ; --                                ;
; MISC_FILE                            ; fft_14/simulation/submodules/aldec/auk_dspip_bit_reverse_reverse_carry_adder.vhd  ; --            ; --               ; --                                ;
; MISC_FILE                            ; fft_14/simulation/submodules/mentor/auk_dspip_r22sdf_adder_fp.vhd                 ; --            ; --               ; --                                ;
; MISC_FILE                            ; fft_14/simulation/submodules/aldec/auk_dspip_r22sdf_adder_fp.vhd                  ; --            ; --               ; --                                ;
; MISC_FILE                            ; fft_14/simulation/submodules/mentor/auk_dspip_r22sdf_addsub.vhd                   ; --            ; --               ; --                                ;
; MISC_FILE                            ; fft_14/simulation/submodules/aldec/auk_dspip_r22sdf_addsub.vhd                    ; --            ; --               ; --                                ;
; MISC_FILE                            ; fft_14/simulation/submodules/mentor/auk_dspip_r22sdf_bfi.vhd                      ; --            ; --               ; --                                ;
; MISC_FILE                            ; fft_14/simulation/submodules/aldec/auk_dspip_r22sdf_bfi.vhd                       ; --            ; --               ; --                                ;
; MISC_FILE                            ; fft_14/simulation/submodules/mentor/auk_dspip_r22sdf_bfii.vhd                     ; --            ; --               ; --                                ;
; MISC_FILE                            ; fft_14/simulation/submodules/aldec/auk_dspip_r22sdf_bfii.vhd                      ; --            ; --               ; --                                ;
; MISC_FILE                            ; fft_14/simulation/submodules/mentor/auk_dspip_r22sdf_bf_control.vhd               ; --            ; --               ; --                                ;
; MISC_FILE                            ; fft_14/simulation/submodules/aldec/auk_dspip_r22sdf_bf_control.vhd                ; --            ; --               ; --                                ;
; MISC_FILE                            ; fft_14/simulation/submodules/mentor/auk_dspip_r22sdf_cma.vhd                      ; --            ; --               ; --                                ;
; MISC_FILE                            ; fft_14/simulation/submodules/aldec/auk_dspip_r22sdf_cma.vhd                       ; --            ; --               ; --                                ;
; MISC_FILE                            ; fft_14/simulation/submodules/mentor/auk_dspip_r22sdf_cma_adder_fp.vhd             ; --            ; --               ; --                                ;
; MISC_FILE                            ; fft_14/simulation/submodules/aldec/auk_dspip_r22sdf_cma_adder_fp.vhd              ; --            ; --               ; --                                ;
; MISC_FILE                            ; fft_14/simulation/submodules/mentor/auk_dspip_r22sdf_cma_bfi_fp.vhd               ; --            ; --               ; --                                ;
; MISC_FILE                            ; fft_14/simulation/submodules/aldec/auk_dspip_r22sdf_cma_bfi_fp.vhd                ; --            ; --               ; --                                ;
; MISC_FILE                            ; fft_14/simulation/submodules/mentor/auk_dspip_r22sdf_cma_fp.vhd                   ; --            ; --               ; --                                ;
; MISC_FILE                            ; fft_14/simulation/submodules/aldec/auk_dspip_r22sdf_cma_fp.vhd                    ; --            ; --               ; --                                ;
; MISC_FILE                            ; fft_14/simulation/submodules/mentor/auk_dspip_r22sdf_core.vhd                     ; --            ; --               ; --                                ;
; MISC_FILE                            ; fft_14/simulation/submodules/aldec/auk_dspip_r22sdf_core.vhd                      ; --            ; --               ; --                                ;
; MISC_FILE                            ; fft_14/simulation/submodules/mentor/auk_dspip_r22sdf_counter.vhd                  ; --            ; --               ; --                                ;
; MISC_FILE                            ; fft_14/simulation/submodules/aldec/auk_dspip_r22sdf_counter.vhd                   ; --            ; --               ; --                                ;
; MISC_FILE                            ; fft_14/simulation/submodules/mentor/auk_dspip_r22sdf_delay.vhd                    ; --            ; --               ; --                                ;
; MISC_FILE                            ; fft_14/simulation/submodules/aldec/auk_dspip_r22sdf_delay.vhd                     ; --            ; --               ; --                                ;
; MISC_FILE                            ; fft_14/simulation/submodules/mentor/auk_dspip_r22sdf_enable_control.vhd           ; --            ; --               ; --                                ;
; MISC_FILE                            ; fft_14/simulation/submodules/aldec/auk_dspip_r22sdf_enable_control.vhd            ; --            ; --               ; --                                ;
; MISC_FILE                            ; fft_14/simulation/submodules/mentor/auk_dspip_r22sdf_stage.vhd                    ; --            ; --               ; --                                ;
; MISC_FILE                            ; fft_14/simulation/submodules/aldec/auk_dspip_r22sdf_stage.vhd                     ; --            ; --               ; --                                ;
; MISC_FILE                            ; fft_14/simulation/submodules/mentor/auk_dspip_r22sdf_stg_out_pipe.vhd             ; --            ; --               ; --                                ;
; MISC_FILE                            ; fft_14/simulation/submodules/aldec/auk_dspip_r22sdf_stg_out_pipe.vhd              ; --            ; --               ; --                                ;
; MISC_FILE                            ; fft_14/simulation/submodules/mentor/auk_dspip_r22sdf_stg_pipe.vhd                 ; --            ; --               ; --                                ;
; MISC_FILE                            ; fft_14/simulation/submodules/aldec/auk_dspip_r22sdf_stg_pipe.vhd                  ; --            ; --               ; --                                ;
; MISC_FILE                            ; fft_14/simulation/submodules/mentor/auk_dspip_r22sdf_top.vhd                      ; --            ; --               ; --                                ;
; MISC_FILE                            ; fft_14/simulation/submodules/aldec/auk_dspip_r22sdf_top.vhd                       ; --            ; --               ; --                                ;
; MISC_FILE                            ; fft_14/simulation/submodules/mentor/auk_dspip_r22sdf_twrom.vhd                    ; --            ; --               ; --                                ;
; MISC_FILE                            ; fft_14/simulation/submodules/aldec/auk_dspip_r22sdf_twrom.vhd                     ; --            ; --               ; --                                ;
; MISC_FILE                            ; fft_14/simulation/submodules/fft_14_fft_ii_0.sv                                   ; --            ; --               ; --                                ;
; MISC_FILE                            ; fft_14/simulation/submodules/c_model/mr42/How_To_Build.txt                        ; --            ; --               ; --                                ;
; MISC_FILE                            ; fft_14/simulation/submodules/c_model/mr42/SVSfftmodel.mexglx                      ; --            ; --               ; --                                ;
; MISC_FILE                            ; fft_14/simulation/submodules/c_model/mr42/SVSfftmodel.mexw32                      ; --            ; --               ; --                                ;
; MISC_FILE                            ; fft_14/simulation/submodules/c_model/mr42/expression.cpp                          ; --            ; --               ; --                                ;
; MISC_FILE                            ; fft_14/simulation/submodules/c_model/mr42/expression.h                            ; --            ; --               ; --                                ;
; MISC_FILE                            ; fft_14/simulation/submodules/c_model/mr42/fft.cpp                                 ; --            ; --               ; --                                ;
; MISC_FILE                            ; fft_14/simulation/submodules/c_model/mr42/fft.h                                   ; --            ; --               ; --                                ;
; MISC_FILE                            ; fft_14/simulation/submodules/c_model/mr42/fpCompiler.cpp                          ; --            ; --               ; --                                ;
; MISC_FILE                            ; fft_14/simulation/submodules/c_model/mr42/fpCompiler.h                            ; --            ; --               ; --                                ;
; MISC_FILE                            ; fft_14/simulation/submodules/c_model/mr42/model_c_wrapper.cpp                     ; --            ; --               ; --                                ;
; MISC_FILE                            ; fft_14/simulation/submodules/c_model/mr42/util.cpp                                ; --            ; --               ; --                                ;
; MISC_FILE                            ; fft_14/simulation/submodules/c_model/mr42/util.h                                  ; --            ; --               ; --                                ;
; MISC_FILE                            ; fft_14/simulation/submodules/c_model/old_arch/Sfftmodel.c                         ; --            ; --               ; --                                ;
; MISC_FILE                            ; fft_14/simulation/submodules/c_model/old_arch/Sfftmodel.mexa64                    ; --            ; --               ; --                                ;
; MISC_FILE                            ; fft_14/simulation/submodules/c_model/old_arch/Sfftmodel.mexglx                    ; --            ; --               ; --                                ;
; MISC_FILE                            ; fft_14/simulation/submodules/c_model/old_arch/Sfftmodel.mexw32                    ; --            ; --               ; --                                ;
; MISC_FILE                            ; fft_14/simulation/submodules/c_model/old_arch/imag_input.txt                      ; --            ; --               ; --                                ;
; MISC_FILE                            ; fft_14/simulation/submodules/c_model/old_arch/model.c                             ; --            ; --               ; --                                ;
; MISC_FILE                            ; fft_14/simulation/submodules/c_model/old_arch/model_c_wrapper.c                   ; --            ; --               ; --                                ;
; MISC_FILE                            ; fft_14/simulation/submodules/c_model/old_arch/real_input.txt                      ; --            ; --               ; --                                ;
; MISC_FILE                            ; fft_14/simulation/submodules/c_model/old_arch/run_c_wrapper.sh                    ; --            ; --               ; --                                ;
; MISC_FILE                            ; fft_14/simulation/submodules/c_model/old_arch/run_model_c.sh                      ; --            ; --               ; --                                ;
; MISC_FILE                            ; fft_14/simulation/submodules/c_model/old_arch/tbcmex.m                            ; --            ; --               ; --                                ;
; MISC_FILE                            ; fft_14/simulation/submodules/c_model/r22sdf/SVSfftmodel.mexa64                    ; --            ; --               ; --                                ;
; MISC_FILE                            ; fft_14/simulation/submodules/c_model/r22sdf/SVSfftmodel.mexglx                    ; --            ; --               ; --                                ;
; MISC_FILE                            ; fft_14/simulation/submodules/c_model/r22sdf/SVSfftmodel.mexw32                    ; --            ; --               ; --                                ;
; MISC_FILE                            ; fft_14/simulation/submodules/c_model/r22sdf/blksize_report.txt                    ; --            ; --               ; --                                ;
; MISC_FILE                            ; fft_14/simulation/submodules/c_model/r22sdf/create_static_library.sh              ; --            ; --               ; --                                ;
; MISC_FILE                            ; fft_14/simulation/submodules/c_model/r22sdf/expected_imag_out.txt                 ; --            ; --               ; --                                ;
; MISC_FILE                            ; fft_14/simulation/submodules/c_model/r22sdf/expected_real_out.txt                 ; --            ; --               ; --                                ;
; MISC_FILE                            ; fft_14/simulation/submodules/c_model/r22sdf/expression.cpp                        ; --            ; --               ; --                                ;
; MISC_FILE                            ; fft_14/simulation/submodules/c_model/r22sdf/expression.h                          ; --            ; --               ; --                                ;
; MISC_FILE                            ; fft_14/simulation/submodules/c_model/r22sdf/fft.cpp                               ; --            ; --               ; --                                ;
; MISC_FILE                            ; fft_14/simulation/submodules/c_model/r22sdf/fft.h                                 ; --            ; --               ; --                                ;
; MISC_FILE                            ; fft_14/simulation/submodules/c_model/r22sdf/fft_model.m                           ; --            ; --               ; --                                ;
; MISC_FILE                            ; fft_14/simulation/submodules/c_model/r22sdf/fft_tb.m                              ; --            ; --               ; --                                ;
; MISC_FILE                            ; fft_14/simulation/submodules/c_model/r22sdf/fpCompiler.cpp                        ; --            ; --               ; --                                ;
; MISC_FILE                            ; fft_14/simulation/submodules/c_model/r22sdf/fpCompiler.h                          ; --            ; --               ; --                                ;
; MISC_FILE                            ; fft_14/simulation/submodules/c_model/r22sdf/how_to_compile.txt                    ; --            ; --               ; --                                ;
; MISC_FILE                            ; fft_14/simulation/submodules/c_model/r22sdf/imag_input.txt                        ; --            ; --               ; --                                ;
; MISC_FILE                            ; fft_14/simulation/submodules/c_model/r22sdf/main.cpp                              ; --            ; --               ; --                                ;
; MISC_FILE                            ; fft_14/simulation/submodules/c_model/r22sdf/model.cpp                             ; --            ; --               ; --                                ;
; MISC_FILE                            ; fft_14/simulation/submodules/c_model/r22sdf/model_c_wrapper.cpp                   ; --            ; --               ; --                                ;
; MISC_FILE                            ; fft_14/simulation/submodules/c_model/r22sdf/readme.txt                            ; --            ; --               ; --                                ;
; MISC_FILE                            ; fft_14/simulation/submodules/c_model/r22sdf/real_input.txt                        ; --            ; --               ; --                                ;
; MISC_FILE                            ; fft_14/simulation/submodules/c_model/r22sdf/sink.cpp                              ; --            ; --               ; --                                ;
; MISC_FILE                            ; fft_14/simulation/submodules/c_model/r22sdf/sink.h                                ; --            ; --               ; --                                ;
; MISC_FILE                            ; fft_14/simulation/submodules/c_model/r22sdf/source.cpp                            ; --            ; --               ; --                                ;
; MISC_FILE                            ; fft_14/simulation/submodules/c_model/r22sdf/source.h                              ; --            ; --               ; --                                ;
; MISC_FILE                            ; fft_14/simulation/submodules/c_model/r22sdf/system.cpp                            ; --            ; --               ; --                                ;
; MISC_FILE                            ; fft_14/simulation/submodules/c_model/r22sdf/system.h                              ; --            ; --               ; --                                ;
; MISC_FILE                            ; fft_14/simulation/submodules/c_model/r22sdf/util.cpp                              ; --            ; --               ; --                                ;
; MISC_FILE                            ; fft_14/simulation/submodules/c_model/r22sdf/util.h                                ; --            ; --               ; --                                ;
; NOMINAL_CORE_SUPPLY_VOLTAGE          ; 1.2V                                                                              ; --            ; --               ; --                                ;
; PARTITION_COLOR                      ; -- (Not supported for targeted family)                                            ; --            ; tb               ; Top                               ;
; PARTITION_FITTER_PRESERVATION_LEVEL  ; -- (Not supported for targeted family)                                            ; --            ; tb               ; Top                               ;
; PARTITION_NETLIST_TYPE               ; -- (Not supported for targeted family)                                            ; --            ; tb               ; Top                               ;
; POWER_BOARD_THERMAL_MODEL            ; None (CONSERVATIVE)                                                               ; --            ; --               ; --                                ;
; POWER_PRESET_COOLING_SOLUTION        ; 23 MM HEAT SINK WITH 200 LFPM AIRFLOW                                             ; --            ; --               ; --                                ;
; PROJECT_OUTPUT_DIRECTORY             ; output_files                                                                      ; --            ; --               ; --                                ;
; SLD_FILE                             ; signal_generator/synthesis/signal_generator.debuginfo                             ; --            ; --               ; --                                ;
; SLD_FILE                             ; fft_14/synthesis/fft_14.debuginfo                                                 ; --            ; --               ; --                                ;
; SLD_INFO                             ; QSYS_NAME fft_14 HAS_SOPCINFO 1 GENERATION_ID 1684135635                          ; --            ; fft_14           ; --                                ;
; SLD_INFO                             ; QSYS_NAME signal_generator HAS_SOPCINFO 1 GENERATION_ID 1684139768                ; --            ; signal_generator ; --                                ;
; SOPCINFO_FILE                        ; signal_generator/synthesis/../../signal_generator.sopcinfo                        ; --            ; --               ; --                                ;
; SOPCINFO_FILE                        ; fft_14/synthesis/../../fft_14.sopcinfo                                            ; --            ; --               ; --                                ;
; SPD_FILE                             ; signal_generator/simulation/../signal_generator.spd                               ; --            ; --               ; --                                ;
; SPD_FILE                             ; fft_14/simulation/../fft_14.spd                                                   ; --            ; --               ; --                                ;
; SYNTHESIS_ONLY_QIP                   ; On                                                                                ; --            ; --               ; --                                ;
; SYNTHESIS_ONLY_QIP                   ; On                                                                                ; --            ; --               ; --                                ;
; TOP_LEVEL_ENTITY                     ; tb                                                                                ; final_proj    ; --               ; --                                ;
+--------------------------------------+-----------------------------------------------------------------------------------+---------------+------------------+-----------------------------------+


+--------------------------------------------------------------------------------------------------------------------------+
; Flow Elapsed Time                                                                                                        ;
+----------------------+--------------+-------------------------+---------------------+------------------------------------+
; Module Name          ; Elapsed Time ; Average Processors Used ; Peak Virtual Memory ; Total CPU Time (on all processors) ;
+----------------------+--------------+-------------------------+---------------------+------------------------------------+
; Analysis & Synthesis ; 00:00:39     ; 1.0                     ; 4963 MB             ; 00:00:29                           ;
; Total                ; 00:00:39     ; --                      ; --                  ; 00:00:29                           ;
+----------------------+--------------+-------------------------+---------------------+------------------------------------+


+------------------------------------------------------------------------------------+
; Flow OS Summary                                                                    ;
+----------------------+------------------+------------+------------+----------------+
; Module Name          ; Machine Hostname ; OS Name    ; OS Version ; Processor type ;
+----------------------+------------------+------------+------------+----------------+
; Analysis & Synthesis ; Hamid            ; Windows 10 ; 10.0       ; x86_64         ;
+----------------------+------------------+------------+------------+----------------+


------------
; Flow Log ;
------------
quartus_map --read_settings_files=on --write_settings_files=off final_proj -c final_proj



